<?xml version="1.0" encoding="UTF-8"?>
<!-- Generated by org.testng.reporters.JUnitReportReporter -->
<testsuite skipped="2" hostname="Juned" name="com.crm.testsc.LoginTest" tests="3" failures="0" timestamp="30 Mar 2019 05:51:36 GMT" time="19.278" errors="0">
  <testcase name="testSignin" time="19.278" classname="com.crm.testsc.LoginTest"/>
  <testcase name="testisdisplayed" classname="com.crm.testsc.LoginTest">
    <skipped/>
  </testcase> <!-- testisdisplayed -->
  <testcase name="tgettitle" classname="com.crm.testsc.LoginTest">
    <skipped/>
  </testcase> <!-- tgettitle -->
</testsuite> <!-- com.crm.testsc.LoginTest -->
