<?xml version="1.0" encoding="UTF-8"?>
<!-- Generated by org.testng.reporters.JUnitReportReporter -->
<testsuite skipped="1" hostname="Juned" name="com.crm.testsc.ContactTest" tests="3" failures="0" timestamp="30 Mar 2019 05:51:36 GMT" time="60.343" errors="0">
  <testcase name="verifycontact" time="29.666" classname="com.crm.testsc.ContactTest"/>
  <testcase name="clickcheakbox" time="30.677" classname="com.crm.testsc.ContactTest"/>
  <testcase name="NewContact" classname="com.crm.testsc.ContactTest">
    <skipped/>
  </testcase> <!-- NewContact -->
</testsuite> <!-- com.crm.testsc.ContactTest -->
