<?xml version="1.0" encoding="UTF-8"?>
<!-- Generated by org.testng.reporters.JUnitReportReporter -->
<testsuite skipped="0" hostname="Juned" name="com.crm.testsc.HomePageTest" tests="5" failures="0" timestamp="30 Mar 2019 05:51:36 GMT" time="117.997" errors="0">
  <testcase name="gettxt" time="18.700" classname="com.crm.testsc.HomePageTest"/>
  <testcase name="getusernam" time="18.172" classname="com.crm.testsc.HomePageTest"/>
  <testcase name="clickoncontact" time="22.087" classname="com.crm.testsc.HomePageTest"/>
  <testcase name="deels" time="36.888" classname="com.crm.testsc.HomePageTest"/>
  <testcase name="tassk" time="22.150" classname="com.crm.testsc.HomePageTest"/>
</testsuite> <!-- com.crm.testsc.HomePageTest -->
